f:\newsdk\newsdk\debug\vc120.pdb
f:\newsdk\newsdk\debug\vc120.idb
f:\newsdk\newsdk\debug\3des.obj
f:\newsdk\newsdk\debug\cjson.obj
f:\newsdk\newsdk\debug\config.obj
f:\newsdk\newsdk\debug\connect.obj
f:\newsdk\newsdk\debug\innerinterface.obj
f:\newsdk\newsdk\debug\ipaynowsdk.obj
f:\newsdk\newsdk\debug\iso8583.obj
f:\newsdk\newsdk\debug\log.obj
f:\newsdk\newsdk\debug\trans.obj
f:\newsdk\debug\ipaynowsdk.lib
f:\newsdk\debug\ipaynowsdk.exp
f:\newsdk\debug\ipaynowsdk.ilk
f:\newsdk\debug\ipaynowsdk.dll
f:\newsdk\debug\ipaynowsdk.pdb
f:\newsdk\newsdk\debug\ipaynowsdk.tlog\cl.command.1.tlog
f:\newsdk\newsdk\debug\ipaynowsdk.tlog\cl.read.1.tlog
f:\newsdk\newsdk\debug\ipaynowsdk.tlog\cl.write.1.tlog
f:\newsdk\newsdk\debug\ipaynowsdk.tlog\ipaynowsdk.write.1u.tlog
f:\newsdk\newsdk\debug\ipaynowsdk.tlog\link.command.1.tlog
f:\newsdk\newsdk\debug\ipaynowsdk.tlog\link.read.1.tlog
f:\newsdk\newsdk\debug\ipaynowsdk.tlog\link.write.1.tlog
