f:\newsdk\newsdk\debug\vc120.pdb
f:\newsdk\newsdk\debug\vc120.idb
f:\newsdk\newsdk\debug\3des.obj
f:\newsdk\newsdk\debug\cjson.obj
f:\newsdk\newsdk\debug\config.obj
f:\newsdk\newsdk\debug\connect.obj
f:\newsdk\newsdk\debug\innerinterface.obj
f:\newsdk\newsdk\debug\ipaynowsdk.obj
f:\newsdk\newsdk\debug\iso8583.obj
f:\newsdk\newsdk\debug\log.obj
f:\newsdk\newsdk\debug\trans.obj
f:\newsdk\debug\newsdk.ilk
f:\newsdk\debug\newsdk.dll
f:\newsdk\debug\newsdk.pdb
f:\newsdk\debug\newsdk.lib
f:\newsdk\debug\newsdk.exp
f:\newsdk\newsdk\debug\newsdk.tlog\cl.command.1.tlog
f:\newsdk\newsdk\debug\newsdk.tlog\cl.read.1.tlog
f:\newsdk\newsdk\debug\newsdk.tlog\cl.write.1.tlog
f:\newsdk\newsdk\debug\newsdk.tlog\link.command.1.tlog
f:\newsdk\newsdk\debug\newsdk.tlog\link.read.1.tlog
f:\newsdk\newsdk\debug\newsdk.tlog\link.write.1.tlog
f:\newsdk\newsdk\debug\newsdk.tlog\newsdk.write.1u.tlog
