生成启动时间为 2015/8/20 11:00:54。
     1>项目“F:\newSDK\newSDK\newSDK.vcxproj”在节点 2 上(Rebuild 个目标)。
     1>C:\Program Files (x86)\MSBuild\Microsoft.Cpp\v4.0\V120\Microsoft.CppBuild.targets(381,5): warning MSB8028: The intermediate directory (Release\) contains files shared from another project (newSDK.vcxproj).  This can lead to incorrect clean and rebuild behavior.
     1>ClCompile:
         C:\Program Files (x86)\Microsoft Visual Studio 12.0\VC\bin\CL.exe /c /Zi /nologo /W3 /WX- /sdl /O2 /Oi /Oy- /GL /D _WINDLL /D _MBCS /Gm- /EHsc /MD /GS /Gy /fp:precise /Zc:wchar_t /Zc:forScope /Fo"Release\\" /Fd"Release\vc120.pdb" /Gd /TC /analyze- /errorReport:prompt  /D _CRT_SECURE_NO_WARNINGS 3DES.c cJSON.c config.c connect.c innerInterface.c ipaynowSDK.c iso8583.c log.c trans.c
         3DES.c
         cJSON.c
         config.c
         connect.c
         innerInterface.c
     1>innerInterface.c(2904): warning C4047: “==”:“int”与“void *”的间接级别不同
     1>innerInterface.c(2936): warning C4090: “函数”: 不同的“const”限定符
     1>innerInterface.c(2940): warning C4090: “函数”: 不同的“const”限定符
     1>innerInterface.c(2944): warning C4090: “函数”: 不同的“const”限定符
     1>innerInterface.c(2967): warning C4244: “=”: 从“unsigned short”转换到“char”，可能丢失数据
         ipaynowSDK.c
         iso8583.c
         log.c
         trans.c
       Link:
         C:\Program Files (x86)\Microsoft Visual Studio 12.0\VC\bin\link.exe /ERRORREPORT:PROMPT /OUT:"F:\newSDK\Release\ipaynowSDK.dll" /NOLOGO kernel32.lib user32.lib gdi32.lib winspool.lib comdlg32.lib advapi32.lib shell32.lib ole32.lib oleaut32.lib uuid.lib odbc32.lib odbccp32.lib /MANIFEST /MANIFESTUAC:"level='asInvoker' uiAccess='false'" /manifest:embed /DEBUG /PDB:"F:\newSDK\Release\ipaynowSDK.pdb" /OPT:REF /OPT:ICF /LTCG /TLBID:1 /DYNAMICBASE /NXCOMPAT /IMPLIB:"F:\newSDK\Release\ipaynowSDK.lib" /MACHINE:X86 /SAFESEH /DLL Release\3DES.obj
         Release\cJSON.obj
         Release\config.obj
         Release\connect.obj
         Release\innerInterface.obj
         Release\ipaynowSDK.obj
         Release\iso8583.obj
         Release\log.obj
         Release\trans.obj
            正在创建库 F:\newSDK\Release\ipaynowSDK.lib 和对象 F:\newSDK\Release\ipaynowSDK.exp
         正在生成代码
         已完成代码的生成
         newSDK.vcxproj -> F:\newSDK\Release\ipaynowSDK.dll
     1>已完成生成项目“F:\newSDK\newSDK\newSDK.vcxproj”(Rebuild 个目标)的操作。

生成成功。

已用时间 00:00:01.29
