f:\newsdk\newsdk\release\vc120.pdb
f:\newsdk\newsdk\release\trans.obj
f:\newsdk\newsdk\release\iso8583.obj
f:\newsdk\newsdk\release\ipaynowsdk.obj
f:\newsdk\newsdk\release\innerinterface.obj
f:\newsdk\newsdk\release\connect.obj
f:\newsdk\newsdk\release\config.obj
f:\newsdk\newsdk\release\cjson.obj
f:\newsdk\newsdk\release\3des.obj
f:\newsdk\release\newsdk.dll
f:\newsdk\release\newsdk.pdb
f:\newsdk\release\newsdk.lib
f:\newsdk\release\newsdk.exp
f:\newsdk\newsdk\release\newsdk.tlog\cl.command.1.tlog
f:\newsdk\newsdk\release\newsdk.tlog\cl.read.1.tlog
f:\newsdk\newsdk\release\newsdk.tlog\cl.write.1.tlog
f:\newsdk\newsdk\release\newsdk.tlog\link.command.1.tlog
f:\newsdk\newsdk\release\newsdk.tlog\link.read.1.tlog
f:\newsdk\newsdk\release\newsdk.tlog\link.write.1.tlog
f:\newsdk\newsdk\release\newsdk.tlog\newsdk.write.1u.tlog
